mode: set
github.com/JudgeGregg/gotor/parser/parser.go:11.52,13.26 2 0
github.com/JudgeGregg/gotor/parser/parser.go:19.2,19.16 1 0
github.com/JudgeGregg/gotor/parser/parser.go:13.26,18.3 4 0
github.com/JudgeGregg/gotor/parser/parser.go:22.36,24.2 1 0
github.com/JudgeGregg/gotor/parser/parser.go:26.36,31.20 4 1
github.com/JudgeGregg/gotor/parser/parser.go:36.2,37.20 2 1
github.com/JudgeGregg/gotor/parser/parser.go:45.2,52.24 8 1
github.com/JudgeGregg/gotor/parser/parser.go:57.2,62.15 6 1
github.com/JudgeGregg/gotor/parser/parser.go:31.20,35.3 3 1
github.com/JudgeGregg/gotor/parser/parser.go:37.20,43.3 4 1
github.com/JudgeGregg/gotor/parser/parser.go:52.24,54.3 1 1
github.com/JudgeGregg/gotor/parser/parser.go:54.8,56.3 1 1
github.com/JudgeGregg/gotor/parser/parser.go:65.38,67.34 2 1
github.com/JudgeGregg/gotor/parser/parser.go:68.2,68.51 1 1
github.com/JudgeGregg/gotor/parser/parser.go:77.2,77.18 1 1
github.com/JudgeGregg/gotor/parser/parser.go:67.34,67.63 1 1
github.com/JudgeGregg/gotor/parser/parser.go:68.51,70.17 2 1
github.com/JudgeGregg/gotor/parser/parser.go:73.3,73.19 1 1
github.com/JudgeGregg/gotor/parser/parser.go:70.17,72.4 1 0
github.com/JudgeGregg/gotor/parser/parser.go:74.8,76.3 1 1
github.com/JudgeGregg/gotor/parser/parser.go:80.38,86.39 5 1
github.com/JudgeGregg/gotor/parser/parser.go:89.2,89.12 1 1
github.com/JudgeGregg/gotor/parser/parser.go:86.39,88.3 1 0
github.com/JudgeGregg/gotor/parser/parser.go:92.40,94.22 2 1
github.com/JudgeGregg/gotor/parser/parser.go:97.2,99.38 3 1
github.com/JudgeGregg/gotor/parser/parser.go:120.2,120.14 1 1
github.com/JudgeGregg/gotor/parser/parser.go:94.22,96.3 1 0
github.com/JudgeGregg/gotor/parser/parser.go:99.38,107.39 8 1
github.com/JudgeGregg/gotor/parser/parser.go:107.39,111.4 3 0
github.com/JudgeGregg/gotor/parser/parser.go:112.8,119.3 6 0
github.com/JudgeGregg/gotor/parser/parser.go:123.43,125.23 2 1
github.com/JudgeGregg/gotor/parser/parser.go:128.2,130.38 3 1
github.com/JudgeGregg/gotor/parser/parser.go:151.2,151.15 1 1
github.com/JudgeGregg/gotor/parser/parser.go:125.23,127.3 1 1
github.com/JudgeGregg/gotor/parser/parser.go:130.38,138.39 8 1
github.com/JudgeGregg/gotor/parser/parser.go:138.39,142.4 3 0
github.com/JudgeGregg/gotor/parser/parser.go:143.8,150.3 6 1
github.com/JudgeGregg/gotor/parser/parser.go:154.46,156.24 2 1
github.com/JudgeGregg/gotor/parser/parser.go:159.2,165.16 7 1
github.com/JudgeGregg/gotor/parser/parser.go:156.24,158.3 1 1
github.com/JudgeGregg/gotor/parser/parser.go:168.43,172.23 4 1
github.com/JudgeGregg/gotor/parser/parser.go:175.2,193.27 18 1
github.com/JudgeGregg/gotor/parser/parser.go:201.2,201.15 1 1
github.com/JudgeGregg/gotor/parser/parser.go:172.23,174.3 1 0
github.com/JudgeGregg/gotor/parser/parser.go:193.27,200.3 6 1
github.com/JudgeGregg/gotor/parser/parser.go:204.43,206.23 2 1
github.com/JudgeGregg/gotor/parser/parser.go:209.2,209.58 1 1
github.com/JudgeGregg/gotor/parser/parser.go:213.2,213.41 1 1
github.com/JudgeGregg/gotor/parser/parser.go:218.2,218.40 1 1
github.com/JudgeGregg/gotor/parser/parser.go:222.2,224.21 2 1
github.com/JudgeGregg/gotor/parser/parser.go:240.2,240.56 1 1
github.com/JudgeGregg/gotor/parser/parser.go:268.2,268.21 1 1
github.com/JudgeGregg/gotor/parser/parser.go:301.2,301.21 1 1
github.com/JudgeGregg/gotor/parser/parser.go:316.2,316.94 1 1
github.com/JudgeGregg/gotor/parser/parser.go:348.2,348.53 1 1
github.com/JudgeGregg/gotor/parser/parser.go:361.2,361.53 1 0
github.com/JudgeGregg/gotor/parser/parser.go:373.2,373.24 1 0
github.com/JudgeGregg/gotor/parser/parser.go:206.23,208.3 1 0
github.com/JudgeGregg/gotor/parser/parser.go:209.58,212.3 1 0
github.com/JudgeGregg/gotor/parser/parser.go:213.41,216.3 1 0
github.com/JudgeGregg/gotor/parser/parser.go:218.40,221.3 2 1
github.com/JudgeGregg/gotor/parser/parser.go:224.21,225.22 1 1
github.com/JudgeGregg/gotor/parser/parser.go:237.3,237.16 1 1
github.com/JudgeGregg/gotor/parser/parser.go:225.22,229.4 3 1
github.com/JudgeGregg/gotor/parser/parser.go:229.9,236.4 6 1
github.com/JudgeGregg/gotor/parser/parser.go:240.56,241.22 1 1
github.com/JudgeGregg/gotor/parser/parser.go:252.3,252.22 1 1
github.com/JudgeGregg/gotor/parser/parser.go:241.22,251.4 9 1
github.com/JudgeGregg/gotor/parser/parser.go:252.22,265.4 12 1
github.com/JudgeGregg/gotor/parser/parser.go:268.21,269.155 1 1
github.com/JudgeGregg/gotor/parser/parser.go:299.3,299.16 1 1
github.com/JudgeGregg/gotor/parser/parser.go:269.155,274.4 4 1
github.com/JudgeGregg/gotor/parser/parser.go:274.9,274.59 1 1
github.com/JudgeGregg/gotor/parser/parser.go:274.59,279.4 4 1
github.com/JudgeGregg/gotor/parser/parser.go:279.9,279.61 1 1
github.com/JudgeGregg/gotor/parser/parser.go:279.61,284.4 4 1
github.com/JudgeGregg/gotor/parser/parser.go:284.9,284.61 1 1
github.com/JudgeGregg/gotor/parser/parser.go:284.61,289.4 4 1
github.com/JudgeGregg/gotor/parser/parser.go:289.9,298.4 7 1
github.com/JudgeGregg/gotor/parser/parser.go:301.21,314.3 11 1
github.com/JudgeGregg/gotor/parser/parser.go:316.94,317.54 1 1
github.com/JudgeGregg/gotor/parser/parser.go:317.54,332.4 13 1
github.com/JudgeGregg/gotor/parser/parser.go:332.9,345.4 11 1
github.com/JudgeGregg/gotor/parser/parser.go:348.53,359.3 10 1
github.com/JudgeGregg/gotor/parser/parser.go:361.53,372.3 10 0
github.com/JudgeGregg/gotor/raid/raid.go:12.50,20.2 7 0
github.com/JudgeGregg/gotor/raid/raid.go:22.60,23.32 1 1
github.com/JudgeGregg/gotor/raid/raid.go:33.2,33.28 1 1
github.com/JudgeGregg/gotor/raid/raid.go:24.29,25.34 1 0
github.com/JudgeGregg/gotor/raid/raid.go:26.68,27.32 1 1
github.com/JudgeGregg/gotor/raid/raid.go:28.24,29.29 1 1
github.com/JudgeGregg/gotor/raid/raid.go:30.22,31.27 1 1
github.com/JudgeGregg/gotor/raid/raid.go:36.65,37.30 1 0
github.com/JudgeGregg/gotor/raid/raid.go:38.31,39.34 1 0
github.com/JudgeGregg/gotor/raid/raid.go:40.33,41.36 1 0
github.com/JudgeGregg/gotor/raid/raid.go:42.32,43.35 1 0
github.com/JudgeGregg/gotor/raid/raid.go:44.32,45.34 1 0
github.com/JudgeGregg/gotor/raid/raid.go:46.34,47.36 1 0
github.com/JudgeGregg/gotor/raid/raid.go:48.33,49.35 1 0
github.com/JudgeGregg/gotor/raid/raid.go:53.60,54.18 1 1
github.com/JudgeGregg/gotor/raid/raid.go:58.2,58.35 1 1
github.com/JudgeGregg/gotor/raid/raid.go:61.2,71.64 10 1
github.com/JudgeGregg/gotor/raid/raid.go:54.18,57.3 1 0
github.com/JudgeGregg/gotor/raid/raid.go:58.35,60.3 1 1
github.com/JudgeGregg/gotor/raid/raid.go:71.64,74.56 2 1
github.com/JudgeGregg/gotor/raid/raid.go:74.56,76.61 1 1
github.com/JudgeGregg/gotor/raid/raid.go:76.61,78.33 2 1
github.com/JudgeGregg/gotor/raid/raid.go:81.5,82.38 2 1
github.com/JudgeGregg/gotor/raid/raid.go:78.33,80.6 1 0
github.com/JudgeGregg/gotor/raid/raid.go:83.10,87.5 3 1
github.com/JudgeGregg/gotor/raid/raid.go:88.9,94.4 5 1
github.com/JudgeGregg/gotor/raid/raid.go:95.8,103.3 7 1
github.com/JudgeGregg/gotor/raid/raid.go:106.74,107.29 1 1
github.com/JudgeGregg/gotor/raid/raid.go:107.29,108.35 1 0
github.com/JudgeGregg/gotor/raid/raid.go:109.23,110.4 1 0
github.com/JudgeGregg/gotor/raid/raid.go:113.23,114.4 1 0
github.com/JudgeGregg/gotor/raid/raid.go:117.21,118.4 1 0
github.com/JudgeGregg/gotor/raid/raid.go:121.36,122.4 1 0
github.com/JudgeGregg/gotor/raid/raid.go:125.23,126.4 1 0
github.com/JudgeGregg/gotor/raid/raid.go:110.4,112.5 1 0
github.com/JudgeGregg/gotor/raid/raid.go:114.4,116.5 1 0
github.com/JudgeGregg/gotor/raid/raid.go:118.4,120.5 1 0
github.com/JudgeGregg/gotor/raid/raid.go:122.4,124.5 1 0
github.com/JudgeGregg/gotor/raid/raid.go:126.4,128.5 1 0
github.com/JudgeGregg/gotor/raid/raid.go:133.60,134.18 1 1
github.com/JudgeGregg/gotor/raid/raid.go:138.2,138.65 1 1
github.com/JudgeGregg/gotor/raid/raid.go:134.18,137.3 1 1
github.com/JudgeGregg/gotor/raid/raid.go:141.58,142.18 1 1
github.com/JudgeGregg/gotor/raid/raid.go:146.2,146.29 1 1
github.com/JudgeGregg/gotor/raid/raid.go:149.2,159.58 10 1
github.com/JudgeGregg/gotor/raid/raid.go:142.18,145.3 1 0
github.com/JudgeGregg/gotor/raid/raid.go:146.29,148.3 1 0
github.com/JudgeGregg/gotor/raid/raid.go:159.58,162.54 2 1
github.com/JudgeGregg/gotor/raid/raid.go:162.54,164.61 1 0
github.com/JudgeGregg/gotor/raid/raid.go:164.61,167.5 2 0
github.com/JudgeGregg/gotor/raid/raid.go:167.10,170.5 2 0
github.com/JudgeGregg/gotor/raid/raid.go:171.9,176.4 4 1
github.com/JudgeGregg/gotor/raid/raid.go:177.8,184.3 6 1
github.com/JudgeGregg/gotor/raid/raid.go:187.63,188.53 1 1
github.com/JudgeGregg/gotor/raid/raid.go:201.2,201.67 1 1
github.com/JudgeGregg/gotor/raid/raid.go:210.2,210.110 1 1
github.com/JudgeGregg/gotor/raid/raid.go:188.53,200.3 9 1
github.com/JudgeGregg/gotor/raid/raid.go:201.67,209.3 5 1
github.com/JudgeGregg/gotor/raid/raid.go:210.110,219.3 5 0
github.com/JudgeGregg/gotor/raid/raid.go:222.36,223.41 1 1
github.com/JudgeGregg/gotor/raid/raid.go:226.2,236.47 10 0
github.com/JudgeGregg/gotor/raid/raid.go:255.2,257.42 3 0
github.com/JudgeGregg/gotor/raid/raid.go:260.2,262.46 3 0
github.com/JudgeGregg/gotor/raid/raid.go:273.2,275.46 3 0
github.com/JudgeGregg/gotor/raid/raid.go:223.41,225.3 1 1
github.com/JudgeGregg/gotor/raid/raid.go:236.47,237.39 1 0
github.com/JudgeGregg/gotor/raid/raid.go:237.39,239.59 2 0
github.com/JudgeGregg/gotor/raid/raid.go:244.4,244.78 1 0
github.com/JudgeGregg/gotor/raid/raid.go:239.59,240.58 1 0
github.com/JudgeGregg/gotor/raid/raid.go:240.58,242.6 1 0
github.com/JudgeGregg/gotor/raid/raid.go:245.9,246.64 1 0
github.com/JudgeGregg/gotor/raid/raid.go:246.64,247.20 1 0
github.com/JudgeGregg/gotor/raid/raid.go:247.20,248.59 1 0
github.com/JudgeGregg/gotor/raid/raid.go:248.59,250.7 1 0
github.com/JudgeGregg/gotor/raid/raid.go:257.42,259.3 1 0
github.com/JudgeGregg/gotor/raid/raid.go:262.46,263.18 1 0
github.com/JudgeGregg/gotor/raid/raid.go:263.18,265.58 2 0
github.com/JudgeGregg/gotor/raid/raid.go:270.4,270.74 1 0
github.com/JudgeGregg/gotor/raid/raid.go:265.58,266.58 1 0
github.com/JudgeGregg/gotor/raid/raid.go:266.58,268.6 1 0
github.com/JudgeGregg/gotor/raid/raid.go:278.63,279.55 1 1
github.com/JudgeGregg/gotor/raid/raid.go:279.55,281.3 1 0
github.com/JudgeGregg/gotor/raid/raid.go:284.37,285.41 1 1
github.com/JudgeGregg/gotor/raid/raid.go:288.2,290.47 3 0
github.com/JudgeGregg/gotor/raid/raid.go:285.41,287.3 1 1
github.com/JudgeGregg/gotor/raid/raid.go:290.47,291.63 1 0
github.com/JudgeGregg/gotor/raid/raid.go:291.63,292.37 1 0
github.com/JudgeGregg/gotor/raid/raid.go:292.37,293.58 1 0
github.com/JudgeGregg/gotor/raid/raid.go:293.58,295.6 1 0
